<?xml version="1.0" encoding="UTF-8"?>
<testng-results ignored="0" total="2" passed="2" failed="0" skipped="0">
  <reporter-output>
  </reporter-output>
  <suite started-at="2022-07-06T10:44:09 IST" name="Suite" finished-at="2022-07-06T10:44:34 IST" duration-ms="25220">
    <groups>
    </groups>
    <test started-at="2022-07-06T10:44:09 IST" name="Test_Chrome" finished-at="2022-07-06T10:44:20 IST" duration-ms="11359">
      <class name="Com.LoginTest.Test_001">
        <test-method is-config="true" signature="setUp(java.lang.String)[pri:0, instance:Com.LoginTest.Test_001@6c4980d3]" started-at="2022-07-06T10:44:09 IST" name="setUp" finished-at="2022-07-06T10:44:19 IST" duration-ms="9953" status="PASS">
          <params>
            <param index="0">
              <value>
                <![CDATA[Chrome]]>
              </value>
            </param>
          </params>
          <reporter-output>
          </reporter-output>
        </test-method> <!-- setUp -->
        <test-method signature="verifyLoginpage()[pri:0, instance:Com.LoginTest.Test_001@6c4980d3]" started-at="2022-07-06T10:44:19 IST" name="verifyLoginpage" finished-at="2022-07-06T10:44:19 IST" duration-ms="310" status="PASS">
          <reporter-output>
          </reporter-output>
        </test-method> <!-- verifyLoginpage -->
        <test-method is-config="true" signature="tearDown()[pri:0, instance:Com.LoginTest.Test_001@6c4980d3]" started-at="2022-07-06T10:44:19 IST" name="tearDown" finished-at="2022-07-06T10:44:20 IST" duration-ms="869" status="PASS">
          <reporter-output>
          </reporter-output>
        </test-method> <!-- tearDown -->
      </class> <!-- Com.LoginTest.Test_001 -->
    </test> <!-- Test_Chrome -->
    <test started-at="2022-07-06T10:44:21 IST" name="Test_Edge" finished-at="2022-07-06T10:44:34 IST" duration-ms="13448">
      <class name="Com.LoginTest.Test_001">
        <test-method is-config="true" signature="StartSetup()[pri:0, instance:Com.LoginTest.Test_001@146dfe6]" started-at="2022-07-06T10:44:08 IST" name="StartSetup" finished-at="2022-07-06T10:44:09 IST" duration-ms="848" status="PASS">
          <reporter-output>
          </reporter-output>
        </test-method> <!-- StartSetup -->
        <test-method is-config="true" signature="setUp(java.lang.String)[pri:0, instance:Com.LoginTest.Test_001@146dfe6]" started-at="2022-07-06T10:44:21 IST" name="setUp" finished-at="2022-07-06T10:44:33 IST" duration-ms="12109" status="PASS">
          <params>
            <param index="0">
              <value>
                <![CDATA[Edge]]>
              </value>
            </param>
          </params>
          <reporter-output>
          </reporter-output>
        </test-method> <!-- setUp -->
        <test-method signature="verifyLoginpage()[pri:0, instance:Com.LoginTest.Test_001@146dfe6]" started-at="2022-07-06T10:44:33 IST" name="verifyLoginpage" finished-at="2022-07-06T10:44:33 IST" duration-ms="232" status="PASS">
          <reporter-output>
          </reporter-output>
        </test-method> <!-- verifyLoginpage -->
        <test-method is-config="true" signature="tearDown()[pri:0, instance:Com.LoginTest.Test_001@146dfe6]" started-at="2022-07-06T10:44:33 IST" name="tearDown" finished-at="2022-07-06T10:44:34 IST" duration-ms="927" status="PASS">
          <reporter-output>
          </reporter-output>
        </test-method> <!-- tearDown -->
      </class> <!-- Com.LoginTest.Test_001 -->
    </test> <!-- Test_Edge -->
  </suite> <!-- Suite -->
</testng-results>
