<?xml version="1.0" encoding="UTF-8"?>
<testng-results ignored="0" total="2" passed="2" failed="0" skipped="0">
  <reporter-output>
  </reporter-output>
  <suite started-at="2022-07-04T07:37:28 IST" name="Suite" finished-at="2022-07-04T07:38:11 IST" duration-ms="43629">
    <groups>
    </groups>
    <test started-at="2022-07-04T07:37:28 IST" name="Test_Chrome" finished-at="2022-07-04T07:37:33 IST" duration-ms="5527">
      <class name="Com.LoginTest.Test_001">
        <test-method is-config="true" signature="setUp(java.lang.String)[pri:0, instance:Com.LoginTest.Test_001@4738a206]" started-at="2022-07-04T07:37:28 IST" name="setUp" finished-at="2022-07-04T07:37:32 IST" duration-ms="4189" status="PASS">
          <params>
            <param index="0">
              <value>
                <![CDATA[Chrome]]>
              </value>
            </param>
          </params>
          <reporter-output>
          </reporter-output>
        </test-method> <!-- setUp -->
        <test-method signature="verifyLoginpage()[pri:0, instance:Com.LoginTest.Test_001@4738a206]" started-at="2022-07-04T07:37:32 IST" name="verifyLoginpage" finished-at="2022-07-04T07:37:32 IST" duration-ms="301" status="PASS">
          <reporter-output>
          </reporter-output>
        </test-method> <!-- verifyLoginpage -->
        <test-method is-config="true" signature="tearDown()[pri:0, instance:Com.LoginTest.Test_001@4738a206]" started-at="2022-07-04T07:37:32 IST" name="tearDown" finished-at="2022-07-04T07:37:33 IST" duration-ms="991" status="PASS">
          <reporter-output>
          </reporter-output>
        </test-method> <!-- tearDown -->
      </class> <!-- Com.LoginTest.Test_001 -->
    </test> <!-- Test_Chrome -->
    <test started-at="2022-07-04T07:37:33 IST" name="Test_Edge" finished-at="2022-07-04T07:38:11 IST" duration-ms="38085">
      <class name="Com.LoginTest.Test_001">
        <test-method is-config="true" signature="StartSetup()[pri:0, instance:Com.LoginTest.Test_001@66f57048]" started-at="2022-07-04T07:37:27 IST" name="StartSetup" finished-at="2022-07-04T07:37:28 IST" duration-ms="907" status="PASS">
          <reporter-output>
          </reporter-output>
        </test-method> <!-- StartSetup -->
        <test-method is-config="true" signature="setUp(java.lang.String)[pri:0, instance:Com.LoginTest.Test_001@66f57048]" started-at="2022-07-04T07:37:33 IST" name="setUp" finished-at="2022-07-04T07:38:10 IST" duration-ms="36930" status="PASS">
          <params>
            <param index="0">
              <value>
                <![CDATA[Edge]]>
              </value>
            </param>
          </params>
          <reporter-output>
          </reporter-output>
        </test-method> <!-- setUp -->
        <test-method signature="verifyLoginpage()[pri:0, instance:Com.LoginTest.Test_001@66f57048]" started-at="2022-07-04T07:38:10 IST" name="verifyLoginpage" finished-at="2022-07-04T07:38:10 IST" duration-ms="239" status="PASS">
          <reporter-output>
          </reporter-output>
        </test-method> <!-- verifyLoginpage -->
        <test-method is-config="true" signature="tearDown()[pri:0, instance:Com.LoginTest.Test_001@66f57048]" started-at="2022-07-04T07:38:10 IST" name="tearDown" finished-at="2022-07-04T07:38:11 IST" duration-ms="912" status="PASS">
          <reporter-output>
          </reporter-output>
        </test-method> <!-- tearDown -->
      </class> <!-- Com.LoginTest.Test_001 -->
    </test> <!-- Test_Edge -->
  </suite> <!-- Suite -->
</testng-results>
