<?xml version="1.0" encoding="UTF-8"?>
<!-- Generated by org.testng.reporters.JUnitReportReporter -->
<testsuite hostname="DESKTOP-QVM6J4J" failures="0" tests="2" name="Com.LoginTest.Test_001" time="24.400" errors="0" timestamp="2022-07-06T10:44:34 IST" skipped="0">
  <testcase classname="Com.LoginTest.Test_001" name="verifyLoginpage" time="13.268"/>
  <system-out/>
  <testcase classname="Com.LoginTest.Test_001" name="verifyLoginpage" time="11.132"/>
  <system-out/>
</testsuite> <!-- Com.LoginTest.Test_001 -->
